0 info it worked if it ends with ok
<<<<<<< HEAD
1 verbose cli [ 'C:\\Program Files\\nodejs\\node.exe',
1 verbose cli   'C:\\Program Files\\nodejs\\node_modules\\npm\\bin\\npm-cli.js',
1 verbose cli   'run',
1 verbose cli   'dev-node' ]
2 info using npm@3.10.10
3 info using node@v6.10.1
4 verbose run-script [ 'predev-node', 'dev-node', 'postdev-node' ]
5 info lifecycle portalv10@1.0.0~predev-node: portalv10@1.0.0
6 silly lifecycle portalv10@1.0.0~predev-node: no script for predev-node, continuing
7 info lifecycle portalv10@1.0.0~dev-node: portalv10@1.0.0
8 verbose lifecycle portalv10@1.0.0~dev-node: unsafe-perm in lifecycle true
9 verbose lifecycle portalv10@1.0.0~dev-node: PATH: C:\Program Files\nodejs\node_modules\npm\bin\node-gyp-bin;C:\Users\WW Traduções\Desktop\www\projeto-portal\node_modules\.bin;C:\Users\WW Traduções\bin;C:\Program Files\Git\mingw64\bin;C:\Program Files\Git\usr\local\bin;C:\Program Files\Git\usr\bin;C:\Program Files\Git\usr\bin;C:\Program Files\Git\mingw64\bin;C:\Program Files\Git\usr\bin;C:\Users\WW Traduções\bin;C:\ProgramData\Oracle\Java\javapath;C:\Program Files\Common Files\Microsoft Shared\Windows Live;C:\Program Files (x86)\Common Files\Microsoft Shared\Windows Live;C:\Program Files (x86)\NVIDIA Corporation\PhysX\Common;C:\WINDOWS\system32;C:\WINDOWS;C:\WINDOWS\System32\Wbem;C:\WINDOWS\System32\WindowsPowerShell\v1.0;C:\Program Files (x86)\Windows Live\Shared;C:\Program Files (x86)\Skype\Phone;C:\Program Files\Git\cmd;C:\Program Files\Git\mingw64\bin;C:\Program Files\Git\usr\bin;C:\Program Files\nodejs;C:\Users\WW Traduções\AppData\Local\Microsoft\WindowsApps;C:\Users\WW Traduções\AppData\Roaming\npm;C:\Program Files\Git\usr\bin\vendor_perl;C:\Program Files\Git\usr\bin\core_perl
10 verbose lifecycle portalv10@1.0.0~dev-node: CWD: C:\Users\WW Traduções\Desktop\www\projeto-portal
11 silly lifecycle portalv10@1.0.0~dev-node: Args: [ '/d /s /c', 'nodemon' ]
12 silly lifecycle portalv10@1.0.0~dev-node: Returned: code: 1  signal: null
13 info lifecycle portalv10@1.0.0~dev-node: Failed to exec dev-node script
14 verbose stack Error: portalv10@1.0.0 dev-node: `nodemon`
14 verbose stack Exit status 1
14 verbose stack     at EventEmitter.<anonymous> (C:\Program Files\nodejs\node_modules\npm\lib\utils\lifecycle.js:255:16)
14 verbose stack     at emitTwo (events.js:106:13)
14 verbose stack     at EventEmitter.emit (events.js:191:7)
14 verbose stack     at ChildProcess.<anonymous> (C:\Program Files\nodejs\node_modules\npm\lib\utils\spawn.js:40:14)
14 verbose stack     at emitTwo (events.js:106:13)
14 verbose stack     at ChildProcess.emit (events.js:191:7)
14 verbose stack     at maybeClose (internal/child_process.js:886:16)
14 verbose stack     at Process.ChildProcess._handle.onexit (internal/child_process.js:226:5)
15 verbose pkgid portalv10@1.0.0
16 verbose cwd C:\Users\WW Traduções\Desktop\www\projeto-portal
17 error Windows_NT 10.0.14393
18 error argv "C:\\Program Files\\nodejs\\node.exe" "C:\\Program Files\\nodejs\\node_modules\\npm\\bin\\npm-cli.js" "run" "dev-node"
19 error node v6.10.1
20 error npm  v3.10.10
21 error code ELIFECYCLE
22 error portalv10@1.0.0 dev-node: `nodemon`
22 error Exit status 1
23 error Failed at the portalv10@1.0.0 dev-node script 'nodemon'.
23 error Make sure you have the latest version of node.js and npm installed.
23 error If you do, this is most likely a problem with the portalv10 package,
23 error not with npm itself.
23 error Tell the author that this fails on your system:
23 error     nodemon
23 error You can get information on how to open an issue for this project with:
23 error     npm bugs portalv10
23 error Or if that isn't available, you can get their info via:
23 error     npm owner ls portalv10
23 error There is likely additional logging output above.
24 verbose exit [ 1, true ]
=======
1 verbose cli [ '/usr/bin/nodejs', '/usr/bin/npm', 'run', 'node', '--dev' ]
2 info using npm@3.10.10
3 info using node@v6.10.1
4 verbose stack Error: missing script: node
4 verbose stack     at run (/usr/lib/node_modules/npm/lib/run-script.js:151:19)
4 verbose stack     at /usr/lib/node_modules/npm/lib/run-script.js:61:5
4 verbose stack     at /usr/lib/node_modules/npm/node_modules/read-package-json/read-json.js:356:5
4 verbose stack     at checkBinReferences_ (/usr/lib/node_modules/npm/node_modules/read-package-json/read-json.js:320:45)
4 verbose stack     at final (/usr/lib/node_modules/npm/node_modules/read-package-json/read-json.js:354:3)
4 verbose stack     at then (/usr/lib/node_modules/npm/node_modules/read-package-json/read-json.js:124:5)
4 verbose stack     at /usr/lib/node_modules/npm/node_modules/read-package-json/read-json.js:311:12
4 verbose stack     at /usr/lib/node_modules/npm/node_modules/graceful-fs/graceful-fs.js:78:16
4 verbose stack     at tryToString (fs.js:456:3)
4 verbose stack     at FSReqWrap.readFileAfterClose [as oncomplete] (fs.js:443:12)
5 verbose cwd /var/www/projeto-portal
6 error Linux 4.9.0-1-amd64
7 error argv "/usr/bin/nodejs" "/usr/bin/npm" "run" "node" "--dev"
8 error node v6.10.1
9 error npm  v3.10.10
10 error missing script: node
11 error If you need help, you may report this error at:
11 error     <https://github.com/npm/npm/issues>
12 verbose exit [ 1, true ]
>>>>>>> a783d89b2993a822f18318f16531571535a926c9
